<?xml version="1.0" encoding="utf-8" standalone="no"?>
<!--This file represents the results of running a test suite-->
<test-results name="C:\Users\Natalka1992\Desktop\Training\AutoTest\Test\bin\Debug\Test.dll" total="1" errors="1" failures="0" not-run="0" inconclusive="0" ignored="0" skipped="0" invalid="0" date="2017-05-21" time="23:53:49">
  <environment nunit-version="2.6.3.13283" clr-version="2.0.50727.8745" os-version="Microsoft Windows NT 6.2.9200.0" platform="Win32NT" cwd="C:\Users\Natalka1992\Desktop\Training\AutoTest\Test\bin\Debug" machine-name="NATALKA" user="Natalka1992" user-domain="NATALKA" />
  <culture-info current-culture="uk-UA" current-uiculture="en-US" />
  <test-suite type="Assembly" name="C:\Users\Natalka1992\Desktop\Training\AutoTest\Test\bin\Debug\Test.dll" executed="True" result="Failure" success="False" time="40.457" asserts="0">
    <results>
      <test-suite type="Namespace" name="Test" executed="True" result="Failure" success="False" time="40.438" asserts="0">
        <results>
          <test-suite type="TestFixture" name="Test1" executed="True" result="Failure" success="False" time="40.435" asserts="0">
            <results>
              <test-case name="Test.Test1.Test" executed="True" result="Error" success="False" time="40.418" asserts="0">
                <failure>
                  <message><![CDATA[System.InvalidCastException : Unable to cast object of type 'Framework.Driver.Driver' to type 'OpenQA.Selenium.ITakesScreenshot'.]]></message>
                  <stack-trace><![CDATA[at Framework.ScreenshotMaker.TakeScreenshot(Element focusedElement) in C:\Users\Natalka1992\Desktop\Training\AutoTest\Framework\ScreenshotMaker.cs:line 15
at Test.Test1.Test() in C:\Users\Natalka1992\Desktop\Training\AutoTest\Test\Test1.cs:line 65
]]></stack-trace>
                </failure>
              </test-case>
            </results>
          </test-suite>
        </results>
      </test-suite>
    </results>
  </test-suite>
</test-results>